<?xml version="1.0" encoding="UTF-8"?>
<!-- Generated by org.testng.reporters.JUnitReportReporter -->
<testsuite hostname="LAPTOP-F6VET88B" failures="0" tests="1" name="com.facebook.FacebookTest" time="2.767" errors="0" timestamp="2024-01-30T21:23:25 EST" skipped="0">
  <testcase classname="com.facebook.FacebookTest" name="m1Test" time="2.767"/>
  <system-out/>
</testsuite> <!-- com.facebook.FacebookTest -->
