<?xml version="1.0" encoding="UTF-8"?>
<!-- Generated by org.testng.reporters.JUnitReportReporter -->
<testsuite hostname="LAPTOP-F6VET88B" failures="0" tests="1" name="com.facebook_locators.ContaninFunction" time="7.317" errors="0" timestamp="2024-01-30T21:19:45 EST" skipped="0">
  <testcase classname="com.facebook_locators.ContaninFunction" name="containTextFunction" time="7.317"/>
  <system-out/>
</testsuite> <!-- com.facebook_locators.ContaninFunction -->
