<?xml version="1.0" encoding="UTF-8"?>
<!-- Generated by org.testng.reporters.JUnitReportReporter -->
<testsuite hostname="LAPTOP-F6VET88B" failures="0" tests="1" name="com.myTest.tutorialNinja" time="78.822" errors="0" timestamp="2024-02-07T19:53:57 EST" skipped="0">
  <testcase classname="com.myTest.tutorialNinja" name="tutorialNinjaTest" time="78.822"/>
  <system-out/>
</testsuite> <!-- com.myTest.tutorialNinja -->
