<?xml version="1.0" encoding="UTF-8"?>
<!-- Generated by org.testng.reporters.JUnitReportReporter -->
<testsuite hostname="LAPTOP-F6VET88B" failures="0" tests="2" name="com.myTest.testing" time="6.663" errors="0" timestamp="2024-02-05T20:01:24 EST" skipped="0">
  <testcase classname="com.myTest.testing" name="firstTesting" time="4.932"/>
  <system-out/>
  <testcase classname="com.myTest.testing" name="secondTesting" time="1.731"/>
  <system-out/>
</testsuite> <!-- com.myTest.testing -->
