<?xml version="1.0" encoding="UTF-8"?>
<!-- Generated by org.testng.reporters.JUnitReportReporter -->
<testsuite hostname="LAPTOP-F6VET88B" failures="0" tests="2" name="com.firstTest.firstTest" time="4.907" errors="0" timestamp="2024-01-30T21:47:38 EST" skipped="0">
  <testcase classname="com.firstTest.firstTest" name="firstTesting" time="2.999"/>
  <system-out/>
  <testcase classname="com.firstTest.firstTest" name="secondTesting" time="1.908"/>
  <system-out/>
</testsuite> <!-- com.firstTest.firstTest -->
